[debug] [2022-08-22T13:03:18.109Z] ----------------------------------------------------------------------
[debug] [2022-08-22T13:03:18.114Z] Command:       C:\Program Files\nodejs\node.exe C:\Users\Pocke\AppData\Roaming\npm\node_modules\firebase-tools\lib\bin\firebase.js init
[debug] [2022-08-22T13:03:18.115Z] CLI Version:   11.7.0
[debug] [2022-08-22T13:03:18.115Z] Platform:      win32
[debug] [2022-08-22T13:03:18.116Z] Node Version:  v16.14.0
[debug] [2022-08-22T13:03:18.123Z] Time:          Mon Aug 22 2022 15:03:18 GMT+0200 (Eastern European Standard Time)
[debug] [2022-08-22T13:03:18.124Z] ----------------------------------------------------------------------
[debug] 
[debug] [2022-08-22T13:03:18.330Z] > command requires scopes: ["email","openid","https://www.googleapis.com/auth/cloudplatformprojects.readonly","https://www.googleapis.com/auth/firebase","https://www.googleapis.com/auth/cloud-platform"]
[debug] [2022-08-22T13:03:18.332Z] > authorizing via signed-in user (doompop40@gmail.com)
[info] 
     ######## #### ########  ######## ########     ###     ######  ########
     ##        ##  ##     ## ##       ##     ##  ##   ##  ##       ##
     ######    ##  ########  ######   ########  #########  ######  ######
     ##        ##  ##    ##  ##       ##     ## ##     ##       ## ##
     ##       #### ##     ## ######## ########  ##     ##  ######  ########

You're about to initialize a Firebase project in this directory:

  F:\work\workspace\projects\PureAyurveda

Before we get started, keep in mind:

  * You are initializing within an existing Firebase project directory

